<?xml version="1.0" encoding="UTF-8"?>
<!-- Generated by org.testng.reporters.JUnitXMLReporter -->
<testsuite ignored="0" hostname="Khosruz" failures="1" tests="5" name="Login Page" time="85.19" errors="0" timestamp="2023-10-09T21:54:47 EDT">
  <testcase classname="com.Tests.LoginPageTest" name="pageTitleTest" time="0.06">
    <skipped/>
  </testcase> <!-- pageTitleTest -->
  <testcase classname="com.Tests.LoginPageTest" name="pageTitleTest" time="0.053">
    <skipped/>
  </testcase> <!-- pageTitleTest -->
  <testcase classname="com.Tests.LoginPageTest" name="pageTitleTest" time="0.048">
    <failure type="java.lang.AssertionError" message="Title is missing!! expected [RobotSpareBin Industries Inc.. - Intranet] but found [RobotSpareBin Industries Inc. - Intranet]">
      <![CDATA[java.lang.AssertionError: Title is missing!! expected [RobotSpareBin Industries Inc.. - Intranet] but found [RobotSpareBin Industries Inc. - Intranet]
at com.Tests.LoginPageTest.pageTitleTest(LoginPageTest.java:30)
at java.base/java.util.concurrent.ThreadPoolExecutor.runWorker(ThreadPoolExecutor.java:1144)
at java.base/java.util.concurrent.ThreadPoolExecutor$Worker.run(ThreadPoolExecutor.java:642)
at java.base/java.lang.Thread.run(Thread.java:1623)
... Removed 14 stack frames]]>
    </failure>
  </testcase> <!-- pageTitleTest -->
  <testcase classname="com.Tests.LoginPageTest" name="displayNameTest" time="2.625"/>
  <testcase classname="com.Tests.LoginPageTest" name="loginTest" time="1.012"/>
</testsuite> <!-- Login Page -->
