<?xml version="1.0" encoding="UTF-8"?>
<testng-results retried="3" ignored="2" total="23" passed="17" failed="1" skipped="0">
  <reporter-output>
  </reporter-output>
  <suite started-at="2023-10-09T21:48:05 EDT" name="tests" finished-at="2023-10-09T21:54:47 EDT" duration-ms="401989">
    <groups>
      <group name="Desh Board  Functions">
        <method signature="DeshBoardHomeTest.salseDataTest(java.lang.String, java.lang.String, java.lang.String)[pri:0, instance:com.Tests.DeshBoardHomeTest@3f6b0be5]" name="salseDataTest" class="com.Tests.DeshBoardHomeTest"/>
      </group> <!-- Desh Board  Functions -->
      <group name="Order Page Functions">
        <method signature="DeshBoardOrderTest.bodySelectionTest()[pri:0, instance:com.Tests.DeshBoardOrderTest@2805d709]" name="bodySelectionTest" class="com.Tests.DeshBoardOrderTest"/>
        <method signature="DeshBoardOrderTest.heasdSelectionTest()[pri:0, instance:com.Tests.DeshBoardOrderTest@2805d709]" name="heasdSelectionTest" class="com.Tests.DeshBoardOrderTest"/>
        <method signature="DeshBoardOrderTest.legsSelectionTest()[pri:0, instance:com.Tests.DeshBoardOrderTest@2805d709]" name="legsSelectionTest" class="com.Tests.DeshBoardOrderTest"/>
        <method signature="DeshBoardOrderTest.pageTitleTest()[pri:0, instance:com.Tests.DeshBoardOrderTest@2805d709]" name="pageTitleTest" class="com.Tests.DeshBoardOrderTest"/>
        <method signature="DeshBoardOrderTest.shippingAddress(java.lang.String)[pri:0, instance:com.Tests.DeshBoardOrderTest@2805d709]" name="shippingAddress" class="com.Tests.DeshBoardOrderTest"/>
      </group> <!-- Order Page Functions -->
      <group name="Home Page Functions">
        <method signature="HomePageTest.homeButtonTest()[pri:0, instance:com.Tests.HomePageTest@316bcf94]" name="homeButtonTest" class="com.Tests.HomePageTest"/>
        <method signature="HomePageTest.homePageText()[pri:0, instance:com.Tests.HomePageTest@316bcf94]" name="homePageText" class="com.Tests.HomePageTest"/>
        <method signature="HomePageTest.loginButtonTest()[pri:0, instance:com.Tests.HomePageTest@316bcf94]" name="loginButtonTest" class="com.Tests.HomePageTest"/>
        <method signature="HomePageTest.orderButtonTest()[pri:0, instance:com.Tests.HomePageTest@316bcf94]" name="orderButtonTest" class="com.Tests.HomePageTest"/>
        <method signature="HomePageTest.pageTitleTest()[pri:0, instance:com.Tests.HomePageTest@316bcf94]" name="pageTitleTest" class="com.Tests.HomePageTest"/>
        <method signature="LoginPageTest.pageTitleTest()[pri:0, instance:com.Tests.LoginPageTest@2c1b194a]" name="pageTitleTest" class="com.Tests.LoginPageTest"/>
      </group> <!-- Home Page Functions -->
      <group name="Login page Functionalities">
        <method signature="DeshBoardOrderTest.orderManueTest()[pri:0, instance:com.Tests.DeshBoardOrderTest@2805d709]" name="orderManueTest" class="com.Tests.DeshBoardOrderTest"/>
        <method signature="LoginPageTest.displayNameTest()[pri:0, instance:com.Tests.LoginPageTest@2c1b194a]" name="displayNameTest" class="com.Tests.LoginPageTest"/>
        <method signature="LoginPageTest.loginTest()[pri:0, instance:com.Tests.LoginPageTest@2c1b194a]" name="loginTest" class="com.Tests.LoginPageTest"/>
      </group> <!-- Login page Functionalities -->
      <group name="Desh Board Page Functions">
        <method signature="DeshBoardHomeTest.pageTitleTest()[pri:0, instance:com.Tests.DeshBoardHomeTest@3f6b0be5]" name="pageTitleTest" class="com.Tests.DeshBoardHomeTest"/>
      </group> <!-- Desh Board Page Functions -->
    </groups>
    <test started-at="2023-10-09T21:48:05 EDT" name="DeshBoardHomeTest" finished-at="2023-10-09T21:49:23 EDT" duration-ms="78021">
      <class name="com.Tests.DeshBoardHomeTest">
        <test-method is-config="true" signature="setup(java.lang.String)[pri:0, instance:com.Tests.DeshBoardHomeTest@3f6b0be5]" started-at="2023-10-09T21:48:05 EDT" name="setup" finished-at="2023-10-09T21:48:07 EDT" duration-ms="1591" status="PASS">
          <params>
            <param index="0">
              <value>
                <![CDATA[edge]]>
              </value>
            </param>
          </params>
          <reporter-output>
          </reporter-output>
        </test-method> <!-- setup -->
        <test-method signature="pageTitleTest()[pri:0, instance:com.Tests.DeshBoardHomeTest@3f6b0be5]" started-at="2023-10-09T21:48:07 EDT" name="pageTitleTest" finished-at="2023-10-09T21:48:07 EDT" duration-ms="89" status="PASS">
          <reporter-output>
          </reporter-output>
        </test-method> <!-- pageTitleTest -->
        <test-method is-config="true" signature="tearDown()[pri:0, instance:com.Tests.DeshBoardHomeTest@3f6b0be5]" started-at="2023-10-09T21:48:07 EDT" name="tearDown" finished-at="2023-10-09T21:48:22 EDT" duration-ms="15294" status="PASS">
          <reporter-output>
          </reporter-output>
        </test-method> <!-- tearDown -->
        <test-method is-config="true" signature="setup(java.lang.String)[pri:0, instance:com.Tests.DeshBoardHomeTest@3f6b0be5]" started-at="2023-10-09T21:48:23 EDT" name="setup" finished-at="2023-10-09T21:48:24 EDT" duration-ms="1023" status="PASS">
          <params>
            <param index="0">
              <value>
                <![CDATA[edge]]>
              </value>
            </param>
          </params>
          <reporter-output>
          </reporter-output>
        </test-method> <!-- setup -->
        <test-method signature="salseDataTest(java.lang.String, java.lang.String, java.lang.String)[pri:0, instance:com.Tests.DeshBoardHomeTest@3f6b0be5]" started-at="2023-10-09T21:48:24 EDT" name="salseDataTest" data-provider="getNewData" finished-at="2023-10-09T21:48:28 EDT" duration-ms="3817" status="PASS">
          <params>
            <param index="0">
              <value>
                <![CDATA[Khsoruz]]>
              </value>
            </param>
            <param index="1">
              <value>
                <![CDATA[Zaman]]>
              </value>
            </param>
            <param index="2">
              <value>
                <![CDATA[3255.0]]>
              </value>
            </param>
          </params>
          <reporter-output>
          </reporter-output>
        </test-method> <!-- salseDataTest -->
        <test-method is-config="true" signature="tearDown()[pri:0, instance:com.Tests.DeshBoardHomeTest@3f6b0be5]" started-at="2023-10-09T21:48:28 EDT" name="tearDown" finished-at="2023-10-09T21:48:43 EDT" duration-ms="15182" status="PASS">
          <reporter-output>
          </reporter-output>
        </test-method> <!-- tearDown -->
        <test-method is-config="true" signature="setup(java.lang.String)[pri:0, instance:com.Tests.DeshBoardHomeTest@3f6b0be5]" started-at="2023-10-09T21:48:43 EDT" name="setup" finished-at="2023-10-09T21:48:44 EDT" duration-ms="1101" status="PASS">
          <params>
            <param index="0">
              <value>
                <![CDATA[edge]]>
              </value>
            </param>
          </params>
          <reporter-output>
          </reporter-output>
        </test-method> <!-- setup -->
        <test-method signature="salseDataTest(java.lang.String, java.lang.String, java.lang.String)[pri:0, instance:com.Tests.DeshBoardHomeTest@3f6b0be5]" started-at="2023-10-09T21:48:44 EDT" name="salseDataTest" data-provider="getNewData" finished-at="2023-10-09T21:48:49 EDT" duration-ms="4930" status="PASS">
          <params>
            <param index="0">
              <value>
                <![CDATA[Miraz]]>
              </value>
            </param>
            <param index="1">
              <value>
                <![CDATA[Zaman]]>
              </value>
            </param>
            <param index="2">
              <value>
                <![CDATA[2561.0]]>
              </value>
            </param>
          </params>
          <reporter-output>
          </reporter-output>
        </test-method> <!-- salseDataTest -->
        <test-method is-config="true" signature="tearDown()[pri:0, instance:com.Tests.DeshBoardHomeTest@3f6b0be5]" started-at="2023-10-09T21:48:49 EDT" name="tearDown" finished-at="2023-10-09T21:49:04 EDT" duration-ms="15216" status="PASS">
          <reporter-output>
          </reporter-output>
        </test-method> <!-- tearDown -->
        <test-method is-config="true" signature="setup(java.lang.String)[pri:0, instance:com.Tests.DeshBoardHomeTest@3f6b0be5]" started-at="2023-10-09T21:49:04 EDT" name="setup" finished-at="2023-10-09T21:49:05 EDT" duration-ms="1081" status="PASS">
          <params>
            <param index="0">
              <value>
                <![CDATA[edge]]>
              </value>
            </param>
          </params>
          <reporter-output>
          </reporter-output>
        </test-method> <!-- setup -->
        <test-method signature="salseDataTest(java.lang.String, java.lang.String, java.lang.String)[pri:0, instance:com.Tests.DeshBoardHomeTest@3f6b0be5]" started-at="2023-10-09T21:49:05 EDT" name="salseDataTest" data-provider="getNewData" finished-at="2023-10-09T21:49:08 EDT" duration-ms="2774" status="PASS">
          <params>
            <param index="0">
              <value>
                <![CDATA[Liza]]>
              </value>
            </param>
            <param index="1">
              <value>
                <![CDATA[Khanom]]>
              </value>
            </param>
            <param index="2">
              <value>
                <![CDATA[954.0]]>
              </value>
            </param>
          </params>
          <reporter-output>
          </reporter-output>
        </test-method> <!-- salseDataTest -->
        <test-method is-config="true" signature="tearDown()[pri:0, instance:com.Tests.DeshBoardHomeTest@3f6b0be5]" started-at="2023-10-09T21:49:08 EDT" name="tearDown" finished-at="2023-10-09T21:49:23 EDT" duration-ms="15228" status="PASS">
          <reporter-output>
          </reporter-output>
        </test-method> <!-- tearDown -->
      </class> <!-- com.Tests.DeshBoardHomeTest -->
    </test> <!-- DeshBoardHomeTest -->
    <test started-at="2023-10-09T21:49:23 EDT" name="DeshBoardOrder" finished-at="2023-10-09T21:52:00 EDT" duration-ms="156590">
      <class name="com.Tests.DeshBoardOrderTest">
        <test-method is-config="true" signature="setup(java.lang.String)[pri:0, instance:com.Tests.DeshBoardOrderTest@2805d709]" started-at="2023-10-09T21:49:23 EDT" name="setup" finished-at="2023-10-09T21:49:24 EDT" duration-ms="1062" status="PASS">
          <params>
            <param index="0">
              <value>
                <![CDATA[firefoox]]>
              </value>
            </param>
          </params>
          <reporter-output>
          </reporter-output>
        </test-method> <!-- setup -->
        <test-method signature="pageTitleTest()[pri:0, instance:com.Tests.DeshBoardOrderTest@2805d709]" started-at="2023-10-09T21:49:24 EDT" name="pageTitleTest" description="Validate current page title with expected value!!" finished-at="2023-10-09T21:49:26 EDT" duration-ms="1085" status="PASS">
          <reporter-output>
          </reporter-output>
        </test-method> <!-- pageTitleTest -->
        <test-method is-config="true" signature="tearDown()[pri:0, instance:com.Tests.DeshBoardOrderTest@2805d709]" started-at="2023-10-09T21:49:26 EDT" name="tearDown" finished-at="2023-10-09T21:49:41 EDT" duration-ms="15229" status="PASS">
          <reporter-output>
          </reporter-output>
        </test-method> <!-- tearDown -->
        <test-method is-config="true" signature="setup(java.lang.String)[pri:0, instance:com.Tests.DeshBoardOrderTest@2805d709]" started-at="2023-10-09T21:49:41 EDT" name="setup" finished-at="2023-10-09T21:49:42 EDT" duration-ms="1081" status="PASS">
          <params>
            <param index="0">
              <value>
                <![CDATA[firefoox]]>
              </value>
            </param>
          </params>
          <reporter-output>
          </reporter-output>
        </test-method> <!-- setup -->
        <test-method signature="orderManueTest()[pri:0, instance:com.Tests.DeshBoardOrderTest@2805d709]" started-at="2023-10-09T21:49:42 EDT" name="orderManueTest" description="Validate Order manue is displayed correctly!!" finished-at="2023-10-09T21:49:43 EDT" duration-ms="1021" status="PASS">
          <reporter-output>
          </reporter-output>
        </test-method> <!-- orderManueTest -->
        <test-method is-config="true" signature="tearDown()[pri:0, instance:com.Tests.DeshBoardOrderTest@2805d709]" started-at="2023-10-09T21:49:43 EDT" name="tearDown" finished-at="2023-10-09T21:49:58 EDT" duration-ms="15205" status="PASS">
          <reporter-output>
          </reporter-output>
        </test-method> <!-- tearDown -->
        <test-method is-config="true" signature="setup(java.lang.String)[pri:0, instance:com.Tests.DeshBoardOrderTest@2805d709]" started-at="2023-10-09T21:49:58 EDT" name="setup" finished-at="2023-10-09T21:49:59 EDT" duration-ms="1042" status="PASS">
          <params>
            <param index="0">
              <value>
                <![CDATA[firefoox]]>
              </value>
            </param>
          </params>
          <reporter-output>
          </reporter-output>
        </test-method> <!-- setup -->
        <test-method signature="heasdSelectionTest()[pri:0, instance:com.Tests.DeshBoardOrderTest@2805d709]" started-at="2023-10-09T21:49:59 EDT" name="heasdSelectionTest" description="Validate and select number of Head for making of upcoming roobot" finished-at="2023-10-09T21:50:03 EDT" duration-ms="3541" status="PASS">
          <reporter-output>
          </reporter-output>
        </test-method> <!-- heasdSelectionTest -->
        <test-method is-config="true" signature="tearDown()[pri:0, instance:com.Tests.DeshBoardOrderTest@2805d709]" started-at="2023-10-09T21:50:03 EDT" name="tearDown" finished-at="2023-10-09T21:50:18 EDT" duration-ms="15154" status="PASS">
          <reporter-output>
          </reporter-output>
        </test-method> <!-- tearDown -->
        <test-method is-config="true" signature="setup(java.lang.String)[pri:0, instance:com.Tests.DeshBoardOrderTest@2805d709]" started-at="2023-10-09T21:50:18 EDT" name="setup" finished-at="2023-10-09T21:50:19 EDT" duration-ms="1188" status="PASS">
          <params>
            <param index="0">
              <value>
                <![CDATA[firefoox]]>
              </value>
            </param>
          </params>
          <reporter-output>
          </reporter-output>
        </test-method> <!-- setup -->
        <test-method signature="bodySelectionTest()[pri:0, instance:com.Tests.DeshBoardOrderTest@2805d709]" started-at="2023-10-09T21:50:19 EDT" name="bodySelectionTest" description="Validate and select number of Body part for making of upcoming roobot" finished-at="2023-10-09T21:50:21 EDT" duration-ms="2158" status="PASS">
          <reporter-output>
          </reporter-output>
        </test-method> <!-- bodySelectionTest -->
        <test-method is-config="true" signature="tearDown()[pri:0, instance:com.Tests.DeshBoardOrderTest@2805d709]" started-at="2023-10-09T21:50:21 EDT" name="tearDown" finished-at="2023-10-09T21:50:36 EDT" duration-ms="15253" status="PASS">
          <reporter-output>
          </reporter-output>
        </test-method> <!-- tearDown -->
        <test-method is-config="true" signature="setup(java.lang.String)[pri:0, instance:com.Tests.DeshBoardOrderTest@2805d709]" started-at="2023-10-09T21:50:36 EDT" name="setup" finished-at="2023-10-09T21:50:38 EDT" duration-ms="1050" status="PASS">
          <params>
            <param index="0">
              <value>
                <![CDATA[firefoox]]>
              </value>
            </param>
          </params>
          <reporter-output>
          </reporter-output>
        </test-method> <!-- setup -->
        <test-method signature="legsSelectionTest()[pri:0, instance:com.Tests.DeshBoardOrderTest@2805d709]" started-at="2023-10-09T21:50:38 EDT" name="legsSelectionTest" description="Validate and select number of lag&#039;s for making of upcoming roobot" finished-at="2023-10-09T21:50:39 EDT" duration-ms="1313" status="PASS">
          <reporter-output>
          </reporter-output>
        </test-method> <!-- legsSelectionTest -->
        <test-method is-config="true" signature="tearDown()[pri:0, instance:com.Tests.DeshBoardOrderTest@2805d709]" started-at="2023-10-09T21:50:39 EDT" name="tearDown" finished-at="2023-10-09T21:50:54 EDT" duration-ms="15181" status="PASS">
          <reporter-output>
          </reporter-output>
        </test-method> <!-- tearDown -->
        <test-method is-config="true" signature="setup(java.lang.String)[pri:0, instance:com.Tests.DeshBoardOrderTest@2805d709]" started-at="2023-10-09T21:50:54 EDT" name="setup" finished-at="2023-10-09T21:50:55 EDT" duration-ms="996" status="PASS">
          <params>
            <param index="0">
              <value>
                <![CDATA[firefoox]]>
              </value>
            </param>
          </params>
          <reporter-output>
          </reporter-output>
        </test-method> <!-- setup -->
        <test-method retried="true" signature="shippingAddress(java.lang.String)[pri:0, instance:com.Tests.DeshBoardOrderTest@2805d709]" started-at="2023-10-09T21:50:55 EDT" name="shippingAddress" description="Entering address for shipping." data-provider="getNewData" finished-at="2023-10-09T21:51:20 EDT" duration-ms="25104" status="SKIP">
          <params>
            <param index="0">
              <value>
                <![CDATA[508 winfield Ave, Upper darby, PA, 19082]]>
              </value>
            </param>
          </params>
          <exception class="org.openqa.selenium.NoSuchElementException">
            <message>
              <![CDATA[no such element: Unable to locate element: {"method":"xpath","selector":"//div[@id='receipt']"}
  (Session info: chrome=119.0.6045.10)
For documentation on this error, please visit: https://www.seleniumhq.org/exceptions/no_such_element.html
Build info: version: '3.141.59', revision: 'e82be7d358', time: '2018-11-14T08:17:03'
System info: host: 'KHOSRUZ', ip: '192.168.0.26', os.name: 'Windows 11', os.arch: 'amd64', os.version: '10.0', java.version: '20.0.2'
Driver info: org.openqa.selenium.remote.RemoteWebDriver
Capabilities {acceptInsecureCerts: false, browserName: chrome, browserVersion: 119.0.6045.10, chrome: {chromedriverVersion: 119.0.6045.9 (c7ec5863fa5c5..., userDataDir: /tmp/.org.chromium.Chromium...}, fedcm:accounts: true, goog:chromeOptions: {debuggerAddress: localhost:38595}, javascriptEnabled: true, networkConnectionEnabled: false, pageLoadStrategy: normal, platform: LINUX, platformName: LINUX, proxy: Proxy(), se:bidiEnabled: false, se:cdp: ws://172.18.0.3:4444/sessio..., se:cdpVersion: 119.0.6045.10, se:vnc: ws://172.18.0.3:4444/sessio..., se:vncEnabled: true, se:vncLocalAddress: ws://172.18.0.3:7900, setWindowRect: true, strictFileInteractability: false, timeouts: {implicit: 0, pageLoad: 300000, script: 30000}, unhandledPromptBehavior: dismiss and notify, webauthn:extension:credBlob: true, webauthn:extension:largeBlob: true, webauthn:extension:minPinLength: true, webauthn:extension:prf: true, webauthn:virtualAuthenticators: true}
Session ID: 43bac9337ea52e49488d89344c0afd42
*** Element info: {Using=xpath, value=//div[@id='receipt']}]]>
            </message>
            <full-stacktrace>
              <![CDATA[org.openqa.selenium.NoSuchElementException: no such element: Unable to locate element: {"method":"xpath","selector":"//div[@id='receipt']"}
  (Session info: chrome=119.0.6045.10)
For documentation on this error, please visit: https://www.seleniumhq.org/exceptions/no_such_element.html
Build info: version: '3.141.59', revision: 'e82be7d358', time: '2018-11-14T08:17:03'
System info: host: 'KHOSRUZ', ip: '192.168.0.26', os.name: 'Windows 11', os.arch: 'amd64', os.version: '10.0', java.version: '20.0.2'
Driver info: org.openqa.selenium.remote.RemoteWebDriver
Capabilities {acceptInsecureCerts: false, browserName: chrome, browserVersion: 119.0.6045.10, chrome: {chromedriverVersion: 119.0.6045.9 (c7ec5863fa5c5..., userDataDir: /tmp/.org.chromium.Chromium...}, fedcm:accounts: true, goog:chromeOptions: {debuggerAddress: localhost:38595}, javascriptEnabled: true, networkConnectionEnabled: false, pageLoadStrategy: normal, platform: LINUX, platformName: LINUX, proxy: Proxy(), se:bidiEnabled: false, se:cdp: ws://172.18.0.3:4444/sessio..., se:cdpVersion: 119.0.6045.10, se:vnc: ws://172.18.0.3:4444/sessio..., se:vncEnabled: true, se:vncLocalAddress: ws://172.18.0.3:7900, setWindowRect: true, strictFileInteractability: false, timeouts: {implicit: 0, pageLoad: 300000, script: 30000}, unhandledPromptBehavior: dismiss and notify, webauthn:extension:credBlob: true, webauthn:extension:largeBlob: true, webauthn:extension:minPinLength: true, webauthn:extension:prf: true, webauthn:virtualAuthenticators: true}
Session ID: 43bac9337ea52e49488d89344c0afd42
*** Element info: {Using=xpath, value=//div[@id='receipt']}
at java.base/jdk.internal.reflect.DirectConstructorHandleAccessor.newInstance(DirectConstructorHandleAccessor.java:67)
at java.base/java.lang.reflect.Constructor.newInstanceWithCaller(Constructor.java:500)
at java.base/java.lang.reflect.Constructor.newInstance(Constructor.java:484)
at org.openqa.selenium.remote.http.W3CHttpResponseCodec.createException(W3CHttpResponseCodec.java:187)
at org.openqa.selenium.remote.http.W3CHttpResponseCodec.decode(W3CHttpResponseCodec.java:122)
at org.openqa.selenium.remote.http.W3CHttpResponseCodec.decode(W3CHttpResponseCodec.java:49)
at org.openqa.selenium.remote.HttpCommandExecutor.execute(HttpCommandExecutor.java:158)
at org.openqa.selenium.remote.RemoteWebDriver.execute(RemoteWebDriver.java:552)
at org.openqa.selenium.remote.RemoteWebDriver.findElement(RemoteWebDriver.java:323)
at org.openqa.selenium.remote.RemoteWebDriver.findElementByXPath(RemoteWebDriver.java:428)
at org.openqa.selenium.By$ByXPath.findElement(By.java:353)
at org.openqa.selenium.remote.RemoteWebDriver.findElement(RemoteWebDriver.java:315)
at com.Pages.DeshBoardOrder.fullReceiptDisplay(DeshBoardOrder.java:124)
at com.Tests.DeshBoardOrderTest.shippingAddress(DeshBoardOrderTest.java:103)
at java.base/jdk.internal.reflect.DirectMethodHandleAccessor.invoke(DirectMethodHandleAccessor.java:104)
at java.base/java.lang.reflect.Method.invoke(Method.java:578)
at org.testng.internal.MethodInvocationHelper.invokeMethod(MethodInvocationHelper.java:134)
at org.testng.internal.TestInvoker.invokeMethod(TestInvoker.java:597)
at org.testng.internal.TestInvoker.invokeTestMethod(TestInvoker.java:173)
at org.testng.internal.MethodRunner.runInSequence(MethodRunner.java:46)
at org.testng.internal.TestInvoker$MethodInvocationAgent.invoke(TestInvoker.java:816)
at org.testng.internal.TestInvoker.invokeTestMethods(TestInvoker.java:146)
at org.testng.internal.TestMethodWorker.invokeTestMethods(TestMethodWorker.java:146)
at org.testng.internal.TestMethodWorker.run(TestMethodWorker.java:128)
at java.base/java.util.concurrent.ThreadPoolExecutor.runWorker(ThreadPoolExecutor.java:1144)
at java.base/java.util.concurrent.ThreadPoolExecutor$Worker.run(ThreadPoolExecutor.java:642)
at java.base/java.lang.Thread.run(Thread.java:1623)
]]>
            </full-stacktrace>
          </exception> <!-- org.openqa.selenium.NoSuchElementException -->
          <reporter-output>
          </reporter-output>
        </test-method> <!-- shippingAddress -->
        <test-method is-config="true" signature="tearDown()[pri:0, instance:com.Tests.DeshBoardOrderTest@2805d709]" started-at="2023-10-09T21:51:20 EDT" name="tearDown" finished-at="2023-10-09T21:51:35 EDT" duration-ms="15260" status="PASS">
          <reporter-output>
          </reporter-output>
        </test-method> <!-- tearDown -->
        <test-method is-config="true" signature="setup(java.lang.String)[pri:0, instance:com.Tests.DeshBoardOrderTest@2805d709]" started-at="2023-10-09T21:51:36 EDT" name="setup" finished-at="2023-10-09T21:51:37 EDT" duration-ms="1108" status="PASS">
          <params>
            <param index="0">
              <value>
                <![CDATA[firefoox]]>
              </value>
            </param>
          </params>
          <reporter-output>
          </reporter-output>
        </test-method> <!-- setup -->
        <test-method signature="shippingAddress(java.lang.String)[pri:0, instance:com.Tests.DeshBoardOrderTest@2805d709]" started-at="2023-10-09T21:51:37 EDT" name="shippingAddress" description="Entering address for shipping." data-provider="getNewData" finished-at="2023-10-09T21:51:45 EDT" duration-ms="8212" status="PASS">
          <params>
            <param index="0">
              <value>
                <![CDATA[508 winfield Ave, Upper darby, PA, 19082]]>
              </value>
            </param>
          </params>
          <reporter-output>
          </reporter-output>
        </test-method> <!-- shippingAddress -->
        <test-method is-config="true" signature="tearDown()[pri:0, instance:com.Tests.DeshBoardOrderTest@2805d709]" started-at="2023-10-09T21:51:45 EDT" name="tearDown" finished-at="2023-10-09T21:52:00 EDT" duration-ms="15159" status="PASS">
          <reporter-output>
          </reporter-output>
        </test-method> <!-- tearDown -->
      </class> <!-- com.Tests.DeshBoardOrderTest -->
    </test> <!-- DeshBoardOrder -->
    <test started-at="2023-10-09T21:52:00 EDT" name="Home Page" finished-at="2023-10-09T21:53:22 EDT" duration-ms="82080">
      <class name="com.Tests.HomePageTest">
        <test-method is-config="true" signature="setup(java.lang.String)[pri:0, instance:com.Tests.HomePageTest@316bcf94]" started-at="2023-10-09T21:52:00 EDT" name="setup" finished-at="2023-10-09T21:52:01 EDT" duration-ms="1112" status="PASS">
          <params>
            <param index="0">
              <value>
                <![CDATA[chrome]]>
              </value>
            </param>
          </params>
          <reporter-output>
          </reporter-output>
        </test-method> <!-- setup -->
        <test-method signature="pageTitleTest()[pri:0, instance:com.Tests.HomePageTest@316bcf94]" started-at="2023-10-09T21:52:01 EDT" name="pageTitleTest" finished-at="2023-10-09T21:52:01 EDT" duration-ms="39" status="PASS">
          <reporter-output>
          </reporter-output>
        </test-method> <!-- pageTitleTest -->
        <test-method is-config="true" signature="tearDown()[pri:0, instance:com.Tests.HomePageTest@316bcf94]" started-at="2023-10-09T21:52:01 EDT" name="tearDown" finished-at="2023-10-09T21:52:16 EDT" duration-ms="15177" status="PASS">
          <reporter-output>
          </reporter-output>
        </test-method> <!-- tearDown -->
        <test-method is-config="true" signature="setup(java.lang.String)[pri:0, instance:com.Tests.HomePageTest@316bcf94]" started-at="2023-10-09T21:52:16 EDT" name="setup" finished-at="2023-10-09T21:52:17 EDT" duration-ms="935" status="PASS">
          <params>
            <param index="0">
              <value>
                <![CDATA[chrome]]>
              </value>
            </param>
          </params>
          <reporter-output>
          </reporter-output>
        </test-method> <!-- setup -->
        <test-method signature="homePageText()[pri:0, instance:com.Tests.HomePageTest@316bcf94]" started-at="2023-10-09T21:52:17 EDT" name="homePageText" finished-at="2023-10-09T21:52:17 EDT" duration-ms="121" status="PASS">
          <reporter-output>
          </reporter-output>
        </test-method> <!-- homePageText -->
        <test-method is-config="true" signature="tearDown()[pri:0, instance:com.Tests.HomePageTest@316bcf94]" started-at="2023-10-09T21:52:17 EDT" name="tearDown" finished-at="2023-10-09T21:52:33 EDT" duration-ms="15170" status="PASS">
          <reporter-output>
          </reporter-output>
        </test-method> <!-- tearDown -->
        <test-method is-config="true" signature="setup(java.lang.String)[pri:0, instance:com.Tests.HomePageTest@316bcf94]" started-at="2023-10-09T21:52:33 EDT" name="setup" finished-at="2023-10-09T21:52:34 EDT" duration-ms="1086" status="PASS">
          <params>
            <param index="0">
              <value>
                <![CDATA[chrome]]>
              </value>
            </param>
          </params>
          <reporter-output>
          </reporter-output>
        </test-method> <!-- setup -->
        <test-method signature="orderButtonTest()[pri:0, instance:com.Tests.HomePageTest@316bcf94]" started-at="2023-10-09T21:52:34 EDT" name="orderButtonTest" finished-at="2023-10-09T21:52:34 EDT" duration-ms="166" status="PASS">
          <reporter-output>
          </reporter-output>
        </test-method> <!-- orderButtonTest -->
        <test-method is-config="true" signature="tearDown()[pri:0, instance:com.Tests.HomePageTest@316bcf94]" started-at="2023-10-09T21:52:34 EDT" name="tearDown" finished-at="2023-10-09T21:52:49 EDT" duration-ms="15284" status="PASS">
          <reporter-output>
          </reporter-output>
        </test-method> <!-- tearDown -->
        <test-method is-config="true" signature="setup(java.lang.String)[pri:0, instance:com.Tests.HomePageTest@316bcf94]" started-at="2023-10-09T21:52:49 EDT" name="setup" finished-at="2023-10-09T21:52:50 EDT" duration-ms="1042" status="PASS">
          <params>
            <param index="0">
              <value>
                <![CDATA[chrome]]>
              </value>
            </param>
          </params>
          <reporter-output>
          </reporter-output>
        </test-method> <!-- setup -->
        <test-method signature="loginButtonTest()[pri:0, instance:com.Tests.HomePageTest@316bcf94]" started-at="2023-10-09T21:52:50 EDT" name="loginButtonTest" finished-at="2023-10-09T21:52:50 EDT" duration-ms="198" status="PASS">
          <reporter-output>
          </reporter-output>
        </test-method> <!-- loginButtonTest -->
        <test-method is-config="true" signature="tearDown()[pri:0, instance:com.Tests.HomePageTest@316bcf94]" started-at="2023-10-09T21:52:50 EDT" name="tearDown" finished-at="2023-10-09T21:53:06 EDT" duration-ms="15177" status="PASS">
          <reporter-output>
          </reporter-output>
        </test-method> <!-- tearDown -->
        <test-method is-config="true" signature="setup(java.lang.String)[pri:0, instance:com.Tests.HomePageTest@316bcf94]" started-at="2023-10-09T21:53:06 EDT" name="setup" finished-at="2023-10-09T21:53:07 EDT" duration-ms="1050" status="PASS">
          <params>
            <param index="0">
              <value>
                <![CDATA[chrome]]>
              </value>
            </param>
          </params>
          <reporter-output>
          </reporter-output>
        </test-method> <!-- setup -->
        <test-method signature="homeButtonTest()[pri:0, instance:com.Tests.HomePageTest@316bcf94]" started-at="2023-10-09T21:53:07 EDT" name="homeButtonTest" finished-at="2023-10-09T21:53:07 EDT" duration-ms="289" status="PASS">
          <reporter-output>
          </reporter-output>
        </test-method> <!-- homeButtonTest -->
        <test-method is-config="true" signature="tearDown()[pri:0, instance:com.Tests.HomePageTest@316bcf94]" started-at="2023-10-09T21:53:07 EDT" name="tearDown" finished-at="2023-10-09T21:53:22 EDT" duration-ms="15157" status="PASS">
          <reporter-output>
          </reporter-output>
        </test-method> <!-- tearDown -->
      </class> <!-- com.Tests.HomePageTest -->
    </test> <!-- Home Page -->
    <test started-at="2023-10-09T21:53:22 EDT" name="Login Page" finished-at="2023-10-09T21:54:47 EDT" duration-ms="85190">
      <class name="com.Tests.LoginPageTest">
        <test-method is-config="true" signature="setup(java.lang.String)[pri:0, instance:com.Tests.LoginPageTest@2c1b194a]" started-at="2023-10-09T21:53:22 EDT" name="setup" finished-at="2023-10-09T21:53:23 EDT" duration-ms="997" status="PASS">
          <params>
            <param index="0">
              <value>
                <![CDATA[chrome]]>
              </value>
            </param>
          </params>
          <reporter-output>
          </reporter-output>
        </test-method> <!-- setup -->
        <test-method retried="true" signature="pageTitleTest()[pri:0, instance:com.Tests.LoginPageTest@2c1b194a]" started-at="2023-10-09T21:53:23 EDT" name="pageTitleTest" finished-at="2023-10-09T21:53:23 EDT" duration-ms="60" status="SKIP">
          <exception class="java.lang.AssertionError">
            <message>
              <![CDATA[Title is missing!! expected [RobotSpareBin Industries Inc.. - Intranet] but found [RobotSpareBin Industries Inc. - Intranet]]]>
            </message>
            <full-stacktrace>
              <![CDATA[java.lang.AssertionError: Title is missing!! expected [RobotSpareBin Industries Inc.. - Intranet] but found [RobotSpareBin Industries Inc. - Intranet]
at org.testng.Assert.fail(Assert.java:97)
at org.testng.Assert.assertEqualsImpl(Assert.java:136)
at org.testng.Assert.assertEquals(Assert.java:118)
at org.testng.Assert.assertEquals(Assert.java:575)
at com.Tests.LoginPageTest.pageTitleTest(LoginPageTest.java:30)
at java.base/jdk.internal.reflect.DirectMethodHandleAccessor.invoke(DirectMethodHandleAccessor.java:104)
at java.base/java.lang.reflect.Method.invoke(Method.java:578)
at org.testng.internal.MethodInvocationHelper.invokeMethod(MethodInvocationHelper.java:134)
at org.testng.internal.TestInvoker.invokeMethod(TestInvoker.java:597)
at org.testng.internal.TestInvoker.invokeTestMethod(TestInvoker.java:173)
at org.testng.internal.MethodRunner.runInSequence(MethodRunner.java:46)
at org.testng.internal.TestInvoker$MethodInvocationAgent.invoke(TestInvoker.java:816)
at org.testng.internal.TestInvoker.invokeTestMethods(TestInvoker.java:146)
at org.testng.internal.TestMethodWorker.invokeTestMethods(TestMethodWorker.java:146)
at org.testng.internal.TestMethodWorker.run(TestMethodWorker.java:128)
at java.base/java.util.concurrent.ThreadPoolExecutor.runWorker(ThreadPoolExecutor.java:1144)
at java.base/java.util.concurrent.ThreadPoolExecutor$Worker.run(ThreadPoolExecutor.java:642)
at java.base/java.lang.Thread.run(Thread.java:1623)
]]>
            </full-stacktrace>
          </exception> <!-- java.lang.AssertionError -->
          <reporter-output>
          </reporter-output>
        </test-method> <!-- pageTitleTest -->
        <test-method is-config="true" signature="tearDown()[pri:0, instance:com.Tests.LoginPageTest@2c1b194a]" started-at="2023-10-09T21:53:23 EDT" name="tearDown" finished-at="2023-10-09T21:53:38 EDT" duration-ms="15156" status="PASS">
          <reporter-output>
          </reporter-output>
        </test-method> <!-- tearDown -->
        <test-method is-config="true" signature="setup(java.lang.String)[pri:0, instance:com.Tests.LoginPageTest@2c1b194a]" started-at="2023-10-09T21:53:38 EDT" name="setup" finished-at="2023-10-09T21:53:39 EDT" duration-ms="1054" status="PASS">
          <params>
            <param index="0">
              <value>
                <![CDATA[chrome]]>
              </value>
            </param>
          </params>
          <reporter-output>
          </reporter-output>
        </test-method> <!-- setup -->
        <test-method retried="true" signature="pageTitleTest()[pri:0, instance:com.Tests.LoginPageTest@2c1b194a]" started-at="2023-10-09T21:53:39 EDT" name="pageTitleTest" finished-at="2023-10-09T21:53:39 EDT" duration-ms="53" status="SKIP">
          <exception class="java.lang.AssertionError">
            <message>
              <![CDATA[Title is missing!! expected [RobotSpareBin Industries Inc.. - Intranet] but found [RobotSpareBin Industries Inc. - Intranet]]]>
            </message>
            <full-stacktrace>
              <![CDATA[java.lang.AssertionError: Title is missing!! expected [RobotSpareBin Industries Inc.. - Intranet] but found [RobotSpareBin Industries Inc. - Intranet]
at org.testng.Assert.fail(Assert.java:97)
at org.testng.Assert.assertEqualsImpl(Assert.java:136)
at org.testng.Assert.assertEquals(Assert.java:118)
at org.testng.Assert.assertEquals(Assert.java:575)
at com.Tests.LoginPageTest.pageTitleTest(LoginPageTest.java:30)
at java.base/jdk.internal.reflect.DirectMethodHandleAccessor.invoke(DirectMethodHandleAccessor.java:104)
at java.base/java.lang.reflect.Method.invoke(Method.java:578)
at org.testng.internal.MethodInvocationHelper.invokeMethod(MethodInvocationHelper.java:134)
at org.testng.internal.TestInvoker.invokeMethod(TestInvoker.java:597)
at org.testng.internal.TestInvoker.retryFailed(TestInvoker.java:213)
at org.testng.internal.MethodRunner.runInSequence(MethodRunner.java:58)
at org.testng.internal.TestInvoker$MethodInvocationAgent.invoke(TestInvoker.java:816)
at org.testng.internal.TestInvoker.invokeTestMethods(TestInvoker.java:146)
at org.testng.internal.TestMethodWorker.invokeTestMethods(TestMethodWorker.java:146)
at org.testng.internal.TestMethodWorker.run(TestMethodWorker.java:128)
at java.base/java.util.concurrent.ThreadPoolExecutor.runWorker(ThreadPoolExecutor.java:1144)
at java.base/java.util.concurrent.ThreadPoolExecutor$Worker.run(ThreadPoolExecutor.java:642)
at java.base/java.lang.Thread.run(Thread.java:1623)
]]>
            </full-stacktrace>
          </exception> <!-- java.lang.AssertionError -->
          <reporter-output>
          </reporter-output>
        </test-method> <!-- pageTitleTest -->
        <test-method is-config="true" signature="tearDown()[pri:0, instance:com.Tests.LoginPageTest@2c1b194a]" started-at="2023-10-09T21:53:39 EDT" name="tearDown" finished-at="2023-10-09T21:53:55 EDT" duration-ms="15302" status="PASS">
          <reporter-output>
          </reporter-output>
        </test-method> <!-- tearDown -->
        <test-method is-config="true" signature="setup(java.lang.String)[pri:0, instance:com.Tests.LoginPageTest@2c1b194a]" started-at="2023-10-09T21:53:55 EDT" name="setup" finished-at="2023-10-09T21:53:56 EDT" duration-ms="1026" status="PASS">
          <params>
            <param index="0">
              <value>
                <![CDATA[chrome]]>
              </value>
            </param>
          </params>
          <reporter-output>
          </reporter-output>
        </test-method> <!-- setup -->
        <test-method signature="pageTitleTest()[pri:0, instance:com.Tests.LoginPageTest@2c1b194a]" started-at="2023-10-09T21:53:56 EDT" name="pageTitleTest" finished-at="2023-10-09T21:53:56 EDT" duration-ms="48" status="FAIL">
          <exception class="java.lang.AssertionError">
            <message>
              <![CDATA[Title is missing!! expected [RobotSpareBin Industries Inc.. - Intranet] but found [RobotSpareBin Industries Inc. - Intranet]]]>
            </message>
            <full-stacktrace>
              <![CDATA[java.lang.AssertionError: Title is missing!! expected [RobotSpareBin Industries Inc.. - Intranet] but found [RobotSpareBin Industries Inc. - Intranet]
at org.testng.Assert.fail(Assert.java:97)
at org.testng.Assert.assertEqualsImpl(Assert.java:136)
at org.testng.Assert.assertEquals(Assert.java:118)
at org.testng.Assert.assertEquals(Assert.java:575)
at com.Tests.LoginPageTest.pageTitleTest(LoginPageTest.java:30)
at java.base/jdk.internal.reflect.DirectMethodHandleAccessor.invoke(DirectMethodHandleAccessor.java:104)
at java.base/java.lang.reflect.Method.invoke(Method.java:578)
at org.testng.internal.MethodInvocationHelper.invokeMethod(MethodInvocationHelper.java:134)
at org.testng.internal.TestInvoker.invokeMethod(TestInvoker.java:597)
at org.testng.internal.TestInvoker.retryFailed(TestInvoker.java:213)
at org.testng.internal.MethodRunner.runInSequence(MethodRunner.java:58)
at org.testng.internal.TestInvoker$MethodInvocationAgent.invoke(TestInvoker.java:816)
at org.testng.internal.TestInvoker.invokeTestMethods(TestInvoker.java:146)
at org.testng.internal.TestMethodWorker.invokeTestMethods(TestMethodWorker.java:146)
at org.testng.internal.TestMethodWorker.run(TestMethodWorker.java:128)
at java.base/java.util.concurrent.ThreadPoolExecutor.runWorker(ThreadPoolExecutor.java:1144)
at java.base/java.util.concurrent.ThreadPoolExecutor$Worker.run(ThreadPoolExecutor.java:642)
at java.base/java.lang.Thread.run(Thread.java:1623)
]]>
            </full-stacktrace>
          </exception> <!-- java.lang.AssertionError -->
          <reporter-output>
          </reporter-output>
        </test-method> <!-- pageTitleTest -->
        <test-method is-config="true" signature="tearDown()[pri:0, instance:com.Tests.LoginPageTest@2c1b194a]" started-at="2023-10-09T21:53:56 EDT" name="tearDown" finished-at="2023-10-09T21:54:11 EDT" duration-ms="15135" status="PASS">
          <reporter-output>
          </reporter-output>
        </test-method> <!-- tearDown -->
        <test-method is-config="true" signature="setup(java.lang.String)[pri:0, instance:com.Tests.LoginPageTest@2c1b194a]" started-at="2023-10-09T21:54:11 EDT" name="setup" finished-at="2023-10-09T21:54:12 EDT" duration-ms="1039" status="PASS">
          <params>
            <param index="0">
              <value>
                <![CDATA[chrome]]>
              </value>
            </param>
          </params>
          <reporter-output>
          </reporter-output>
        </test-method> <!-- setup -->
        <test-method signature="displayNameTest()[pri:0, instance:com.Tests.LoginPageTest@2c1b194a]" started-at="2023-10-09T21:54:12 EDT" name="displayNameTest" finished-at="2023-10-09T21:54:15 EDT" duration-ms="2625" status="PASS">
          <reporter-output>
          </reporter-output>
        </test-method> <!-- displayNameTest -->
        <test-method is-config="true" signature="tearDown()[pri:0, instance:com.Tests.LoginPageTest@2c1b194a]" started-at="2023-10-09T21:54:15 EDT" name="tearDown" finished-at="2023-10-09T21:54:30 EDT" duration-ms="15286" status="PASS">
          <reporter-output>
          </reporter-output>
        </test-method> <!-- tearDown -->
        <test-method is-config="true" signature="setup(java.lang.String)[pri:0, instance:com.Tests.LoginPageTest@2c1b194a]" started-at="2023-10-09T21:54:30 EDT" name="setup" finished-at="2023-10-09T21:54:31 EDT" duration-ms="1036" status="PASS">
          <params>
            <param index="0">
              <value>
                <![CDATA[chrome]]>
              </value>
            </param>
          </params>
          <reporter-output>
          </reporter-output>
        </test-method> <!-- setup -->
        <test-method signature="loginTest()[pri:0, instance:com.Tests.LoginPageTest@2c1b194a]" started-at="2023-10-09T21:54:31 EDT" name="loginTest" finished-at="2023-10-09T21:54:32 EDT" duration-ms="1012" status="PASS">
          <reporter-output>
          </reporter-output>
        </test-method> <!-- loginTest -->
        <test-method is-config="true" signature="tearDown()[pri:0, instance:com.Tests.LoginPageTest@2c1b194a]" started-at="2023-10-09T21:54:32 EDT" name="tearDown" finished-at="2023-10-09T21:54:47 EDT" duration-ms="15247" status="PASS">
          <reporter-output>
          </reporter-output>
        </test-method> <!-- tearDown -->
      </class> <!-- com.Tests.LoginPageTest -->
    </test> <!-- Login Page -->
  </suite> <!-- tests -->
</testng-results>
