<?xml version="1.0" encoding="UTF-8"?>
<!-- Generated by org.testng.reporters.JUnitReportReporter -->
<testsuite hostname="Khosruz" failures="1" tests="5" name="com.Tests.LoginPageTest" time="85.076" errors="0" timestamp="2023-10-09T21:54:47 EDT" skipped="2">
  <testcase classname="com.Tests.LoginPageTest" name="pageTitleTest" time="16.297">
    <skipped/>
  </testcase> <!-- pageTitleTest -->
  <system-out/>
  <testcase classname="com.Tests.LoginPageTest" name="loginTest" time="17.194"/>
  <system-out/>
  <testcase classname="com.Tests.LoginPageTest" name="displayNameTest" time="18.963"/>
  <system-out/>
  <testcase classname="com.Tests.LoginPageTest" name="pageTitleTest" time="16.237">
    <failure message="Title is missing!! expected [RobotSpareBin Industries Inc.. - Intranet] but found [RobotSpareBin Industries Inc. - Intranet]" type="java.lang.AssertionError">
      <![CDATA[java.lang.AssertionError: Title is missing!! expected [RobotSpareBin Industries Inc.. - Intranet] but found [RobotSpareBin Industries Inc. - Intranet]
at org.testng.Assert.fail(Assert.java:97)
at org.testng.Assert.assertEqualsImpl(Assert.java:136)
at org.testng.Assert.assertEquals(Assert.java:118)
at org.testng.Assert.assertEquals(Assert.java:575)
at com.Tests.LoginPageTest.pageTitleTest(LoginPageTest.java:30)
at java.base/jdk.internal.reflect.DirectMethodHandleAccessor.invoke(DirectMethodHandleAccessor.java:104)
at java.base/java.lang.reflect.Method.invoke(Method.java:578)
at org.testng.internal.MethodInvocationHelper.invokeMethod(MethodInvocationHelper.java:134)
at org.testng.internal.TestInvoker.invokeMethod(TestInvoker.java:597)
at org.testng.internal.TestInvoker.retryFailed(TestInvoker.java:213)
at org.testng.internal.MethodRunner.runInSequence(MethodRunner.java:58)
at org.testng.internal.TestInvoker$MethodInvocationAgent.invoke(TestInvoker.java:816)
at org.testng.internal.TestInvoker.invokeTestMethods(TestInvoker.java:146)
at org.testng.internal.TestMethodWorker.invokeTestMethods(TestMethodWorker.java:146)
at org.testng.internal.TestMethodWorker.run(TestMethodWorker.java:128)
at java.base/java.util.concurrent.ThreadPoolExecutor.runWorker(ThreadPoolExecutor.java:1144)
at java.base/java.util.concurrent.ThreadPoolExecutor$Worker.run(ThreadPoolExecutor.java:642)
at java.base/java.lang.Thread.run(Thread.java:1623)
]]>
    </failure>
  </testcase> <!-- pageTitleTest -->
  <system-out/>
  <testcase classname="com.Tests.LoginPageTest" name="pageTitleTest" time="16.385">
    <skipped/>
  </testcase> <!-- pageTitleTest -->
  <system-out/>
</testsuite> <!-- com.Tests.LoginPageTest -->
